<?xml version="1.0" encoding="UTF-8"?>
<coverage generated="1779619976232" clover="3.2.0">
  <project timestamp="1779619976232" name="All files">
    <metrics statements="71" coveredstatements="40" conditionals="57" coveredconditionals="25" methods="23" coveredmethods="15" elements="151" coveredelements="80" complexity="0" loc="71" ncloc="71" packages="2" files="2" classes="2"/>
    <package name="components.ui">
      <metrics statements="6" coveredstatements="6" conditionals="15" coveredconditionals="11" methods="2" coveredmethods="2"/>
      <file name="Button.jsx" path="/workspaces/FilioJournal/src/components/ui/Button.jsx">
        <metrics statements="6" coveredstatements="6" conditionals="15" coveredconditionals="11" methods="2" coveredmethods="2"/>
        <line num="2" count="2" type="stmt"/>
        <line num="13" count="2" type="cond" truecount="2" falsecount="0"/>
        <line num="20" count="2" type="cond" truecount="1" falsecount="1"/>
        <line num="28" count="2" type="cond" truecount="3" falsecount="1"/>
        <line num="30" count="2" type="stmt"/>
        <line num="32" count="2" type="stmt"/>
      </file>
    </package>
    <package name="lib">
      <metrics statements="65" coveredstatements="34" conditionals="42" coveredconditionals="14" methods="21" coveredmethods="13"/>
      <file name="journalData.js" path="/workspaces/FilioJournal/src/lib/journalData.js">
        <metrics statements="65" coveredstatements="34" conditionals="42" coveredconditionals="14" methods="21" coveredmethods="13"/>
        <line num="1" count="1" type="stmt"/>
        <line num="46" count="1" type="stmt"/>
        <line num="57" count="1" type="stmt"/>
        <line num="111" count="15" type="cond" truecount="1" falsecount="1"/>
        <line num="115" count="0" type="stmt"/>
        <line num="123" count="0" type="stmt"/>
        <line num="124" count="0" type="stmt"/>
        <line num="125" count="0" type="stmt"/>
        <line num="126" count="0" type="stmt"/>
        <line num="127" count="0" type="stmt"/>
        <line num="129" count="0" type="cond" truecount="0" falsecount="2"/>
        <line num="130" count="0" type="stmt"/>
        <line num="133" count="0" type="cond" truecount="0" falsecount="2"/>
        <line num="134" count="0" type="stmt"/>
        <line num="137" count="0" type="stmt"/>
        <line num="141" count="0" type="stmt"/>
        <line num="142" count="0" type="cond" truecount="0" falsecount="2"/>
        <line num="143" count="0" type="cond" truecount="0" falsecount="2"/>
        <line num="146" count="0" type="stmt"/>
        <line num="151" count="6" type="cond" truecount="1" falsecount="1"/>
        <line num="155" count="2" type="cond" truecount="1" falsecount="1"/>
        <line num="156" count="0" type="stmt"/>
        <line num="159" count="10" type="stmt"/>
        <line num="160" count="2" type="stmt"/>
        <line num="161" count="2" type="stmt"/>
        <line num="163" count="2" type="stmt"/>
        <line num="164" count="8" type="stmt"/>
        <line num="165" count="8" type="stmt"/>
        <line num="167" count="8" type="cond" truecount="1" falsecount="1"/>
        <line num="168" count="8" type="stmt"/>
        <line num="170" count="0" type="stmt"/>
        <line num="174" count="2" type="stmt"/>
        <line num="178" count="1" type="cond" truecount="1" falsecount="1"/>
        <line num="179" count="0" type="stmt"/>
        <line num="189" count="5" type="stmt"/>
        <line num="191" count="5" type="cond" truecount="1" falsecount="1"/>
        <line num="192" count="1" type="stmt"/>
        <line num="194" count="1" type="stmt"/>
        <line num="195" count="5" type="stmt"/>
        <line num="196" count="10" type="cond" truecount="2" falsecount="0"/>
        <line num="200" count="1" type="stmt"/>
        <line num="201" count="13" type="cond" truecount="2" falsecount="0"/>
        <line num="202" count="4" type="stmt"/>
        <line num="205" count="9" type="stmt"/>
        <line num="208" count="1" type="stmt"/>
        <line num="213" count="5" type="stmt"/>
        <line num="219" count="1" type="cond" truecount="1" falsecount="1"/>
        <line num="220" count="1" type="stmt"/>
        <line num="228" count="0" type="stmt"/>
        <line num="229" count="0" type="stmt"/>
        <line num="231" count="0" type="stmt"/>
        <line num="232" count="0" type="cond" truecount="0" falsecount="2"/>
        <line num="234" count="0" type="stmt"/>
        <line num="235" count="0" type="cond" truecount="0" falsecount="2"/>
        <line num="239" count="0" type="cond" truecount="0" falsecount="2"/>
        <line num="240" count="0" type="cond" truecount="0" falsecount="2"/>
        <line num="241" count="0" type="stmt"/>
        <line num="244" count="0" type="stmt"/>
        <line num="247" count="1" type="cond" truecount="1" falsecount="1"/>
        <line num="248" count="0" type="cond" truecount="0" falsecount="2"/>
        <line num="249" count="0" type="stmt"/>
        <line num="252" count="0" type="stmt"/>
        <line num="255" count="1" type="stmt"/>
        <line num="256" count="1" type="cond" truecount="1" falsecount="1"/>
        <line num="258" count="1" type="stmt"/>
      </file>
    </package>
  </project>
</coverage>
