{"/workspaces/FilioJournal/src/components/ui/Button.jsx": {"path":"/workspaces/FilioJournal/src/components/ui/Button.jsx","statementMap":{"0":{"start":{"line":2,"column":2},"end":{"line":2,"column":null}},"1":{"start":{"line":13,"column":4},"end":{"line":17,"column":null}},"2":{"start":{"line":20,"column":4},"end":{"line":24,"column":null}},"3":{"start":{"line":28,"column":4},"end":{"line":28,"column":null}},"4":{"start":{"line":30,"column":18},"end":{"line":30,"column":null}},"5":{"start":{"line":32,"column":2},"end":{"line":35,"column":null}}},"fnMap":{"0":{"name":"cx","decl":{"start":{"line":1,"column":9},"end":{"line":1,"column":12}},"loc":{"start":{"line":1,"column":22},"end":{"line":3,"column":null}},"line":1},"1":{"name":"Button","decl":{"start":{"line":5,"column":24},"end":{"line":5,"column":31}},"loc":{"start":{"line":11,"column":3},"end":{"line":37,"column":null}},"line":11}},"branchMap":{"0":{"loc":{"start":{"line":6,"column":2},"end":{"line":6,"column":null}},"type":"default-arg","locations":[{"start":{"line":6,"column":12},"end":{"line":6,"column":null}}],"line":6},"1":{"loc":{"start":{"line":7,"column":2},"end":{"line":7,"column":null}},"type":"default-arg","locations":[{"start":{"line":7,"column":9},"end":{"line":7,"column":null}}],"line":7},"2":{"loc":{"start":{"line":8,"column":2},"end":{"line":8,"column":null}},"type":"default-arg","locations":[{"start":{"line":8,"column":14},"end":{"line":8,"column":null}}],"line":8},"3":{"loc":{"start":{"line":13,"column":4},"end":{"line":17,"column":null}},"type":"cond-expr","locations":[{"start":{"line":14,"column":8},"end":{"line":14,"column":null}},{"start":{"line":15,"column":8},"end":{"line":17,"column":null}}],"line":13},"4":{"loc":{"start":{"line":15,"column":8},"end":{"line":17,"column":null}},"type":"cond-expr","locations":[{"start":{"line":16,"column":10},"end":{"line":16,"column":null}},{"start":{"line":17,"column":10},"end":{"line":17,"column":null}}],"line":15},"5":{"loc":{"start":{"line":20,"column":4},"end":{"line":24,"column":null}},"type":"cond-expr","locations":[{"start":{"line":21,"column":8},"end":{"line":21,"column":null}},{"start":{"line":22,"column":8},"end":{"line":24,"column":null}}],"line":20},"6":{"loc":{"start":{"line":22,"column":8},"end":{"line":24,"column":null}},"type":"cond-expr","locations":[{"start":{"line":23,"column":10},"end":{"line":23,"column":null}},{"start":{"line":24,"column":10},"end":{"line":24,"column":null}}],"line":22},"7":{"loc":{"start":{"line":28,"column":4},"end":{"line":28,"column":null}},"type":"cond-expr","locations":[{"start":{"line":28,"column":49},"end":{"line":28,"column":71}},{"start":{"line":28,"column":71},"end":{"line":28,"column":null}}],"line":28},"8":{"loc":{"start":{"line":28,"column":4},"end":{"line":28,"column":49}},"type":"binary-expr","locations":[{"start":{"line":28,"column":4},"end":{"line":28,"column":29}},{"start":{"line":28,"column":29},"end":{"line":28,"column":49}}],"line":28}},"s":{"0":2,"1":2,"2":2,"3":2,"4":2,"5":2},"f":{"0":2,"1":2},"b":{"0":[2],"1":[2],"2":[2],"3":[1,1],"4":[1,0],"5":[0,2],"6":[0,2],"7":[0,2],"8":[2,1]},"meta":{"lastBranch":9,"lastFunction":2,"lastStatement":6,"seen":{"f:1:9:1:12":0,"s:2:2:2:Infinity":0,"f:5:24:5:31":1,"b:6:12:6:Infinity":0,"b:7:9:7:Infinity":1,"b:8:14:8:Infinity":2,"s:13:4:17:Infinity":1,"b:14:8:14:Infinity:15:8:17:Infinity":3,"b:16:10:16:Infinity:17:10:17:Infinity":4,"s:20:4:24:Infinity":2,"b:21:8:21:Infinity:22:8:24:Infinity":5,"b:23:10:23:Infinity:24:10:24:Infinity":6,"s:28:4:28:Infinity":3,"b:28:49:28:71:28:71:28:Infinity":7,"b:28:4:28:29:28:29:28:49":8,"s:30:18:30:Infinity":4,"s:32:2:35:Infinity":5}}}
,"/workspaces/FilioJournal/src/lib/journalData.js": {"path":"/workspaces/FilioJournal/src/lib/journalData.js","statementMap":{"0":{"start":{"line":1,"column":27},"end":{"line":44,"column":null}},"1":{"start":{"line":46,"column":26},"end":{"line":55,"column":null}},"2":{"start":{"line":57,"column":27},"end":{"line":108,"column":null}},"3":{"start":{"line":111,"column":2},"end":{"line":111,"column":null}},"4":{"start":{"line":111,"column":38},"end":{"line":111,"column":58}},"5":{"start":{"line":115,"column":2},"end":{"line":119,"column":null}},"6":{"start":{"line":123,"column":15},"end":{"line":123,"column":null}},"7":{"start":{"line":124,"column":15},"end":{"line":124,"column":null}},"8":{"start":{"line":125,"column":17},"end":{"line":125,"column":null}},"9":{"start":{"line":126,"column":15},"end":{"line":126,"column":null}},"10":{"start":{"line":127,"column":14},"end":{"line":127,"column":null}},"11":{"start":{"line":129,"column":2},"end":{"line":131,"column":null}},"12":{"start":{"line":130,"column":4},"end":{"line":130,"column":null}},"13":{"start":{"line":133,"column":2},"end":{"line":135,"column":null}},"14":{"start":{"line":134,"column":4},"end":{"line":134,"column":null}},"15":{"start":{"line":137,"column":2},"end":{"line":137,"column":null}},"16":{"start":{"line":141,"column":2},"end":{"line":147,"column":null}},"17":{"start":{"line":142,"column":4},"end":{"line":144,"column":null}},"18":{"start":{"line":143,"column":6},"end":{"line":143,"column":null}},"19":{"start":{"line":146,"column":4},"end":{"line":146,"column":null}},"20":{"start":{"line":151,"column":2},"end":{"line":151,"column":null}},"21":{"start":{"line":155,"column":2},"end":{"line":157,"column":null}},"22":{"start":{"line":156,"column":4},"end":{"line":156,"column":null}},"23":{"start":{"line":159,"column":21},"end":{"line":159,"column":null}},"24":{"start":{"line":159,"column":56},"end":{"line":159,"column":84}},"25":{"start":{"line":160,"column":15},"end":{"line":160,"column":null}},"26":{"start":{"line":161,"column":15},"end":{"line":161,"column":null}},"27":{"start":{"line":163,"column":2},"end":{"line":172,"column":null}},"28":{"start":{"line":163,"column":19},"end":{"line":163,"column":22}},"29":{"start":{"line":164,"column":4},"end":{"line":164,"column":null}},"30":{"start":{"line":165,"column":21},"end":{"line":165,"column":null}},"31":{"start":{"line":167,"column":4},"end":{"line":171,"column":null}},"32":{"start":{"line":168,"column":6},"end":{"line":168,"column":null}},"33":{"start":{"line":170,"column":6},"end":{"line":170,"column":null}},"34":{"start":{"line":174,"column":2},"end":{"line":174,"column":null}},"35":{"start":{"line":178,"column":2},"end":{"line":187,"column":null}},"36":{"start":{"line":179,"column":4},"end":{"line":186,"column":null}},"37":{"start":{"line":189,"column":21},"end":{"line":189,"column":null}},"38":{"start":{"line":189,"column":52},"end":{"line":189,"column":82}},"39":{"start":{"line":191,"column":4},"end":{"line":191,"column":null}},"40":{"start":{"line":191,"column":35},"end":{"line":191,"column":80}},"41":{"start":{"line":192,"column":20},"end":{"line":192,"column":null}},"42":{"start":{"line":194,"column":2},"end":{"line":198,"column":null}},"43":{"start":{"line":195,"column":4},"end":{"line":197,"column":null}},"44":{"start":{"line":196,"column":6},"end":{"line":196,"column":null}},"45":{"start":{"line":200,"column":22},"end":{"line":206,"column":null}},"46":{"start":{"line":201,"column":4},"end":{"line":203,"column":null}},"47":{"start":{"line":202,"column":6},"end":{"line":202,"column":null}},"48":{"start":{"line":205,"column":4},"end":{"line":205,"column":null}},"49":{"start":{"line":208,"column":2},"end":{"line":215,"column":null}},"50":{"start":{"line":213,"column":44},"end":{"line":213,"column":59}},"51":{"start":{"line":219,"column":2},"end":{"line":226,"column":null}},"52":{"start":{"line":220,"column":4},"end":{"line":225,"column":null}},"53":{"start":{"line":228,"column":20},"end":{"line":228,"column":null}},"54":{"start":{"line":229,"column":19},"end":{"line":229,"column":null}},"55":{"start":{"line":231,"column":2},"end":{"line":237,"column":null}},"56":{"start":{"line":232,"column":4},"end":{"line":232,"column":null}},"57":{"start":{"line":234,"column":4},"end":{"line":236,"column":null}},"58":{"start":{"line":235,"column":6},"end":{"line":235,"column":null}},"59":{"start":{"line":239,"column":23},"end":{"line":245,"column":null}},"60":{"start":{"line":240,"column":4},"end":{"line":242,"column":null}},"61":{"start":{"line":241,"column":6},"end":{"line":241,"column":null}},"62":{"start":{"line":244,"column":4},"end":{"line":244,"column":null}},"63":{"start":{"line":247,"column":24},"end":{"line":253,"column":null}},"64":{"start":{"line":248,"column":4},"end":{"line":250,"column":null}},"65":{"start":{"line":249,"column":6},"end":{"line":249,"column":null}},"66":{"start":{"line":252,"column":4},"end":{"line":252,"column":null}},"67":{"start":{"line":255,"column":22},"end":{"line":255,"column":null}},"68":{"start":{"line":256,"column":20},"end":{"line":256,"column":null}},"69":{"start":{"line":258,"column":2},"end":{"line":263,"column":null}}},"fnMap":{"0":{"name":"getMoodMeta","decl":{"start":{"line":110,"column":16},"end":{"line":110,"column":28}},"loc":{"start":{"line":110,"column":36},"end":{"line":112,"column":null}},"line":110},"1":{"name":"(anonymous_1)","decl":{"start":{"line":111,"column":21},"end":{"line":111,"column":27}},"loc":{"start":{"line":111,"column":38},"end":{"line":111,"column":58}},"line":111},"2":{"name":"formatEntryDate","decl":{"start":{"line":114,"column":16},"end":{"line":114,"column":32}},"loc":{"start":{"line":114,"column":43},"end":{"line":120,"column":null}},"line":114},"3":{"name":"formatRelativeTime","decl":{"start":{"line":122,"column":16},"end":{"line":122,"column":35}},"loc":{"start":{"line":122,"column":46},"end":{"line":138,"column":null}},"line":122},"4":{"name":"sortEntries","decl":{"start":{"line":140,"column":16},"end":{"line":140,"column":28}},"loc":{"start":{"line":140,"column":37},"end":{"line":148,"column":null}},"line":140},"5":{"name":"(anonymous_5)","decl":{"start":{"line":141,"column":22},"end":{"line":141,"column":28}},"loc":{"start":{"line":141,"column":56},"end":{"line":147,"column":3}},"line":141},"6":{"name":"countWords","decl":{"start":{"line":150,"column":16},"end":{"line":150,"column":27}},"loc":{"start":{"line":150,"column":33},"end":{"line":152,"column":null}},"line":150},"7":{"name":"calculateStreak","decl":{"start":{"line":154,"column":16},"end":{"line":154,"column":32}},"loc":{"start":{"line":154,"column":41},"end":{"line":175,"column":null}},"line":154},"8":{"name":"(anonymous_8)","decl":{"start":{"line":159,"column":41},"end":{"line":159,"column":46}},"loc":{"start":{"line":159,"column":56},"end":{"line":159,"column":84}},"line":159},"9":{"name":"statsFromEntries","decl":{"start":{"line":177,"column":16},"end":{"line":177,"column":33}},"loc":{"start":{"line":177,"column":42},"end":{"line":216,"column":null}},"line":177},"10":{"name":"(anonymous_10)","decl":{"start":{"line":189,"column":29},"end":{"line":189,"column":37}},"loc":{"start":{"line":189,"column":52},"end":{"line":189,"column":82}},"line":189},"11":{"name":"(anonymous_11)","decl":{"start":{"line":191,"column":12},"end":{"line":191,"column":20}},"loc":{"start":{"line":191,"column":35},"end":{"line":191,"column":80}},"line":191},"12":{"name":"(anonymous_12)","decl":{"start":{"line":194,"column":10},"end":{"line":194,"column":19}},"loc":{"start":{"line":194,"column":29},"end":{"line":198,"column":3}},"line":194},"13":{"name":"(anonymous_13)","decl":{"start":{"line":195,"column":15},"end":{"line":195,"column":24}},"loc":{"start":{"line":195,"column":32},"end":{"line":197,"column":5}},"line":195},"14":{"name":"(anonymous_14)","decl":{"start":{"line":200,"column":47},"end":{"line":200,"column":53}},"loc":{"start":{"line":200,"column":77},"end":{"line":206,"column":3}},"line":200},"15":{"name":"(anonymous_15)","decl":{"start":{"line":213,"column":26},"end":{"line":213,"column":34}},"loc":{"start":{"line":213,"column":44},"end":{"line":213,"column":59}},"line":213},"16":{"name":"buildInsights","decl":{"start":{"line":218,"column":16},"end":{"line":218,"column":30}},"loc":{"start":{"line":218,"column":39},"end":{"line":264,"column":null}},"line":218},"17":{"name":"(anonymous_17)","decl":{"start":{"line":231,"column":10},"end":{"line":231,"column":19}},"loc":{"start":{"line":231,"column":29},"end":{"line":237,"column":3}},"line":231},"18":{"name":"(anonymous_18)","decl":{"start":{"line":234,"column":15},"end":{"line":234,"column":24}},"loc":{"start":{"line":234,"column":32},"end":{"line":236,"column":5}},"line":234},"19":{"name":"(anonymous_19)","decl":{"start":{"line":239,"column":48},"end":{"line":239,"column":54}},"loc":{"start":{"line":239,"column":80},"end":{"line":245,"column":3}},"line":239},"20":{"name":"(anonymous_20)","decl":{"start":{"line":247,"column":48},"end":{"line":247,"column":54}},"loc":{"start":{"line":247,"column":78},"end":{"line":253,"column":3}},"line":247}},"branchMap":{"0":{"loc":{"start":{"line":111,"column":9},"end":{"line":111,"column":null}},"type":"binary-expr","locations":[{"start":{"line":111,"column":9},"end":{"line":111,"column":63}},{"start":{"line":111,"column":63},"end":{"line":111,"column":null}}],"line":111},"1":{"loc":{"start":{"line":129,"column":2},"end":{"line":131,"column":null}},"type":"if","locations":[{"start":{"line":129,"column":2},"end":{"line":131,"column":null}},{"start":{},"end":{}}],"line":129},"2":{"loc":{"start":{"line":133,"column":2},"end":{"line":135,"column":null}},"type":"if","locations":[{"start":{"line":133,"column":2},"end":{"line":135,"column":null}},{"start":{},"end":{}}],"line":133},"3":{"loc":{"start":{"line":142,"column":4},"end":{"line":144,"column":null}},"type":"if","locations":[{"start":{"line":142,"column":4},"end":{"line":144,"column":null}},{"start":{},"end":{}}],"line":142},"4":{"loc":{"start":{"line":143,"column":13},"end":{"line":143,"column":null}},"type":"cond-expr","locations":[{"start":{"line":143,"column":33},"end":{"line":143,"column":38}},{"start":{"line":143,"column":38},"end":{"line":143,"column":null}}],"line":143},"5":{"loc":{"start":{"line":151,"column":9},"end":{"line":151,"column":null}},"type":"cond-expr","locations":[{"start":{"line":151,"column":23},"end":{"line":151,"column":57}},{"start":{"line":151,"column":57},"end":{"line":151,"column":null}}],"line":151},"6":{"loc":{"start":{"line":155,"column":2},"end":{"line":157,"column":null}},"type":"if","locations":[{"start":{"line":155,"column":2},"end":{"line":157,"column":null}},{"start":{},"end":{}}],"line":155},"7":{"loc":{"start":{"line":167,"column":4},"end":{"line":171,"column":null}},"type":"if","locations":[{"start":{"line":167,"column":4},"end":{"line":171,"column":null}},{"start":{"line":169,"column":11},"end":{"line":171,"column":null}}],"line":167},"8":{"loc":{"start":{"line":178,"column":2},"end":{"line":187,"column":null}},"type":"if","locations":[{"start":{"line":178,"column":2},"end":{"line":187,"column":null}},{"start":{},"end":{}}],"line":178},"9":{"loc":{"start":{"line":191,"column":42},"end":{"line":191,"column":80}},"type":"binary-expr","locations":[{"start":{"line":191,"column":42},"end":{"line":191,"column":76}},{"start":{"line":191,"column":76},"end":{"line":191,"column":80}}],"line":191},"10":{"loc":{"start":{"line":196,"column":26},"end":{"line":196,"column":53}},"type":"binary-expr","locations":[{"start":{"line":196,"column":26},"end":{"line":196,"column":48}},{"start":{"line":196,"column":48},"end":{"line":196,"column":53}}],"line":196},"11":{"loc":{"start":{"line":201,"column":4},"end":{"line":203,"column":null}},"type":"if","locations":[{"start":{"line":201,"column":4},"end":{"line":203,"column":null}},{"start":{},"end":{}}],"line":201},"12":{"loc":{"start":{"line":214,"column":17},"end":{"line":214,"column":null}},"type":"binary-expr","locations":[{"start":{"line":214,"column":17},"end":{"line":214,"column":32}},{"start":{"line":214,"column":32},"end":{"line":214,"column":null}}],"line":214},"13":{"loc":{"start":{"line":219,"column":2},"end":{"line":226,"column":null}},"type":"if","locations":[{"start":{"line":219,"column":2},"end":{"line":226,"column":null}},{"start":{},"end":{}}],"line":219},"14":{"loc":{"start":{"line":232,"column":31},"end":{"line":232,"column":65}},"type":"binary-expr","locations":[{"start":{"line":232,"column":31},"end":{"line":232,"column":60}},{"start":{"line":232,"column":60},"end":{"line":232,"column":65}}],"line":232},"15":{"loc":{"start":{"line":235,"column":25},"end":{"line":235,"column":51}},"type":"binary-expr","locations":[{"start":{"line":235,"column":25},"end":{"line":235,"column":46}},{"start":{"line":235,"column":46},"end":{"line":235,"column":51}}],"line":235},"16":{"loc":{"start":{"line":239,"column":23},"end":{"line":245,"column":null}},"type":"binary-expr","locations":[{"start":{"line":239,"column":23},"end":{"line":245,"column":16}},{"start":{"line":245,"column":16},"end":{"line":245,"column":null}}],"line":239},"17":{"loc":{"start":{"line":240,"column":4},"end":{"line":242,"column":null}},"type":"if","locations":[{"start":{"line":240,"column":4},"end":{"line":242,"column":null}},{"start":{},"end":{}}],"line":240},"18":{"loc":{"start":{"line":247,"column":24},"end":{"line":253,"column":null}},"type":"binary-expr","locations":[{"start":{"line":247,"column":24},"end":{"line":253,"column":16}},{"start":{"line":253,"column":16},"end":{"line":253,"column":null}}],"line":247},"19":{"loc":{"start":{"line":248,"column":4},"end":{"line":250,"column":null}},"type":"if","locations":[{"start":{"line":248,"column":4},"end":{"line":250,"column":null}},{"start":{},"end":{}}],"line":248},"20":{"loc":{"start":{"line":256,"column":20},"end":{"line":256,"column":null}},"type":"binary-expr","locations":[{"start":{"line":256,"column":20},"end":{"line":256,"column":44}},{"start":{"line":256,"column":44},"end":{"line":256,"column":null}}],"line":256}},"s":{"0":1,"1":1,"2":1,"3":5,"4":15,"5":0,"6":0,"7":0,"8":0,"9":0,"10":0,"11":0,"12":0,"13":0,"14":0,"15":0,"16":0,"17":0,"18":0,"19":0,"20":6,"21":2,"22":0,"23":2,"24":10,"25":2,"26":2,"27":2,"28":2,"29":8,"30":8,"31":8,"32":8,"33":0,"34":2,"35":1,"36":0,"37":1,"38":5,"39":1,"40":5,"41":1,"42":1,"43":5,"44":10,"45":1,"46":13,"47":4,"48":9,"49":1,"50":5,"51":1,"52":1,"53":0,"54":0,"55":0,"56":0,"57":0,"58":0,"59":0,"60":0,"61":0,"62":0,"63":1,"64":0,"65":0,"66":0,"67":1,"68":1,"69":1},"f":{"0":5,"1":15,"2":0,"3":0,"4":0,"5":0,"6":6,"7":2,"8":10,"9":1,"10":5,"11":5,"12":5,"13":10,"14":13,"15":5,"16":1,"17":0,"18":0,"19":0,"20":0},"b":{"0":[5,0],"1":[0,0],"2":[0,0],"3":[0,0],"4":[0,0],"5":[6,0],"6":[0,2],"7":[8,0],"8":[0,1],"9":[5,0],"10":[10,7],"11":[4,9],"12":[1,0],"13":[1,0],"14":[0,0],"15":[0,0],"16":[0,0],"17":[0,0],"18":[1,0],"19":[0,0],"20":[1,0]},"meta":{"lastBranch":21,"lastFunction":21,"lastStatement":70,"seen":{"s:1:27:44:Infinity":0,"s:46:26:55:Infinity":1,"s:57:27:108:Infinity":2,"f:110:16:110:28":0,"s:111:2:111:Infinity":3,"b:111:9:111:63:111:63:111:Infinity":0,"f:111:21:111:27":1,"s:111:38:111:58":4,"f:114:16:114:32":2,"s:115:2:119:Infinity":5,"f:122:16:122:35":3,"s:123:15:123:Infinity":6,"s:124:15:124:Infinity":7,"s:125:17:125:Infinity":8,"s:126:15:126:Infinity":9,"s:127:14:127:Infinity":10,"b:129:2:131:Infinity:undefined:undefined:undefined:undefined":1,"s:129:2:131:Infinity":11,"s:130:4:130:Infinity":12,"b:133:2:135:Infinity:undefined:undefined:undefined:undefined":2,"s:133:2:135:Infinity":13,"s:134:4:134:Infinity":14,"s:137:2:137:Infinity":15,"f:140:16:140:28":4,"s:141:2:147:Infinity":16,"f:141:22:141:28":5,"b:142:4:144:Infinity:undefined:undefined:undefined:undefined":3,"s:142:4:144:Infinity":17,"s:143:6:143:Infinity":18,"b:143:33:143:38:143:38:143:Infinity":4,"s:146:4:146:Infinity":19,"f:150:16:150:27":6,"s:151:2:151:Infinity":20,"b:151:23:151:57:151:57:151:Infinity":5,"f:154:16:154:32":7,"b:155:2:157:Infinity:undefined:undefined:undefined:undefined":6,"s:155:2:157:Infinity":21,"s:156:4:156:Infinity":22,"s:159:21:159:Infinity":23,"f:159:41:159:46":8,"s:159:56:159:84":24,"s:160:15:160:Infinity":25,"s:161:15:161:Infinity":26,"s:163:2:172:Infinity":27,"s:163:19:163:22":28,"s:164:4:164:Infinity":29,"s:165:21:165:Infinity":30,"b:167:4:171:Infinity:169:11:171:Infinity":7,"s:167:4:171:Infinity":31,"s:168:6:168:Infinity":32,"s:170:6:170:Infinity":33,"s:174:2:174:Infinity":34,"f:177:16:177:33":9,"b:178:2:187:Infinity:undefined:undefined:undefined:undefined":8,"s:178:2:187:Infinity":35,"s:179:4:186:Infinity":36,"s:189:21:189:Infinity":37,"f:189:29:189:37":10,"s:189:52:189:82":38,"s:191:4:191:Infinity":39,"f:191:12:191:20":11,"s:191:35:191:80":40,"b:191:42:191:76:191:76:191:80":9,"s:192:20:192:Infinity":41,"s:194:2:198:Infinity":42,"f:194:10:194:19":12,"s:195:4:197:Infinity":43,"f:195:15:195:24":13,"s:196:6:196:Infinity":44,"b:196:26:196:48:196:48:196:53":10,"s:200:22:206:Infinity":45,"f:200:47:200:53":14,"b:201:4:203:Infinity:undefined:undefined:undefined:undefined":11,"s:201:4:203:Infinity":46,"s:202:6:202:Infinity":47,"s:205:4:205:Infinity":48,"s:208:2:215:Infinity":49,"f:213:26:213:34":15,"s:213:44:213:59":50,"b:214:17:214:32:214:32:214:Infinity":12,"f:218:16:218:30":16,"b:219:2:226:Infinity:undefined:undefined:undefined:undefined":13,"s:219:2:226:Infinity":51,"s:220:4:225:Infinity":52,"s:228:20:228:Infinity":53,"s:229:19:229:Infinity":54,"s:231:2:237:Infinity":55,"f:231:10:231:19":17,"s:232:4:232:Infinity":56,"b:232:31:232:60:232:60:232:65":14,"s:234:4:236:Infinity":57,"f:234:15:234:24":18,"s:235:6:235:Infinity":58,"b:235:25:235:46:235:46:235:51":15,"s:239:23:245:Infinity":59,"b:239:23:245:16:245:16:245:Infinity":16,"f:239:48:239:54":19,"b:240:4:242:Infinity:undefined:undefined:undefined:undefined":17,"s:240:4:242:Infinity":60,"s:241:6:241:Infinity":61,"s:244:4:244:Infinity":62,"s:247:24:253:Infinity":63,"b:247:24:253:16:253:16:253:Infinity":18,"f:247:48:247:54":20,"b:248:4:250:Infinity:undefined:undefined:undefined:undefined":19,"s:248:4:250:Infinity":64,"s:249:6:249:Infinity":65,"s:252:4:252:Infinity":66,"s:255:22:255:Infinity":67,"s:256:20:256:Infinity":68,"b:256:20:256:44:256:44:256:Infinity":20,"s:258:2:263:Infinity":69}}}
}
